Arguments: 
  /home/lben/.nvm/versions/node/v18.16.0/bin/node /home/lben/.yarn/bin/yarn.js install

PATH: 
  /home/lben/Work/credentials/google-cloud-sdk/bin:/home/lben/.yarn/bin:/home/lben/.config/yarn/global/node_modules/.bin:/home/lben/.nvm/versions/node/v18.16.0/bin:/home/lben/.local/bin:/usr/local/sbin:/usr/local/bin:/usr/sbin:/usr/bin:/sbin:/bin:/usr/games:/usr/local/games:/snap/bin:/snap/bin

Yarn version: 
  1.22.19

Node version: 
  18.16.0

Platform: 
  linux x64

Trace: 
  Error: https://registry.yarnpkg.com/@mongodb: Request "https://registry.yarnpkg.com/@mongodb" returned a 405
      at params.callback [as _callback] (/home/lben/.yarn/lib/cli.js:66154:18)
      at self.callback (/home/lben/.yarn/lib/cli.js:140890:22)
      at Request.emit (node:events:513:28)
      at Request.<anonymous> (/home/lben/.yarn/lib/cli.js:141862:10)
      at Request.emit (node:events:513:28)
      at IncomingMessage.<anonymous> (/home/lben/.yarn/lib/cli.js:141784:12)
      at Object.onceWrapper (node:events:627:28)
      at IncomingMessage.emit (node:events:525:35)
      at endReadableNT (node:internal/streams/readable:1359:12)
      at process.processTicksAndRejections (node:internal/process/task_queues:82:21)

npm manifest: 
  {
    "name": "@vodafone/phone-number-management",
    "version": "0.0.1",
    "dependencies": {
      "ajv": "^8.12.0",
      "axios": "^1.3.4",
      "jest": "^29.4.1",
      "joi": "^17.8.3",
      "serverless-cors-plugin": "^0.4.2",
      "yargs": "^17.7.1",
      "zod": "^3.21.4",
      "@middy/core": "^3.4.0",
      "@middy/http-cors": "^4.3.1",
      "@mongodb": "^6.7.0",
      "@csv-parser": "^3.0.0"
    },
    "devDependencies": {
      "@types/aws-lambda": "^8.10.109",
      "@types/axios": "^0.14.0",
      "@types/jest": "^29.4.0",
      "@types/node": "^18.11.18",
      "@types/pg": "^8.6.6",
      "@typescript-eslint/eslint-plugin": "^5.56.0",
      "@typescript-eslint/parser": "^5.56.0",
      "esbuild": "^0.17.3",
      "eslint": "^8.36.0",
      "eslint-config-standard-with-typescript": "^34.0.1",
      "eslint-plugin-import": "^2.27.5",
      "eslint-plugin-n": "^15.6.1",
      "eslint-plugin-promise": "^6.1.1",
      "serverless-offline": "^12.0.4",
      "serverless-plugin-typescript": "2.1.4",
      "serverless-dotenv-plugin": "^6.0.0",
      "ts-jest": "^29.0.5",
      "ts-node": "^9.1.1",
      "typescript": "^5.0.2"
    },
    "scripts": {
      "build": "esbuild src/index.ts --bundle --minify --sourcemap --platform=node --external:pg-native --target=es2020 --outdir=dist/",
      "deploy": "serverless deploy",
      "invoketest": "serverless invoke -f functionName -l",
      "test": "jest __tests__/medium_tests __tests__/small_tests --coverage=false -i",
      "test:c": "jest __tests__/medium_tests __tests__/small_tests",
      "lint": "eslint --ext .js,.ts .",
      "offline": "serverless offline -t -c serverless.offline.yml"
    },
    "jest": {
      "preset": "ts-jest",
      "testEnvironment": "node",
      "testTimeout": 15000,
      "transform": {
        "^.+\\.tsx?$": "ts-jest"
      },
      "testRegex": "(/__tests__/.*|(\\.|/)(test|spec))\\.(ts|tsx|js)$",
      "moduleFileExtensions": [
        "ts",
        "tsx",
        "js",
        "jsx",
        "json",
        "node"
      ],
      "setupFiles": [
        "dotenv/config"
      ],
      "collectCoverage": true,
      "coverageReporters": [
        "text-summary",
        "html"
      ],
      "coverageDirectory": ".coverage",
      "collectCoverageFrom": [
        "src/functions/**/*.ts",
        "src/services/**/*.ts",
        "!**/*.test.ts"
      ]
    }
  }

yarn manifest: 
  No manifest

Lockfile: 
  No lockfile
